Using pre-set license
Built from '2020.3/staging' branch; Version is '2020.3.0f1 (c7b5465681fb) revision 13088070'; Using compiler version '192528614'; Build Type 'Release'
OS: 'Windows 10 Pro; OS build 19041.928; Version 2004; 64bit' Language: 'ko' Physical Memory: 16233 MB
BatchMode: 1, IsHumanControllingUs: 0, StartBugReporterOnCrash: 0, Is64bit: 1, IsPro: 0

 COMMAND LINE ARGUMENTS:
C:\Program Files\Unity\Hub\Editor\2020.3.0f1\Editor\Unity.exe
-adb2
-batchMode
-noUpm
-name
AssetImportWorker0
-projectPath
C:/Users/dkdle/OneDrive/문서/GitHub/GGM_Unity_Project/Unity
-logFile
Logs/AssetImportWorker0.log
-srvPort
64325
Successfully changed project path to: C:/Users/dkdle/OneDrive/문서/GitHub/GGM_Unity_Project/Unity
C:/Users/dkdle/OneDrive/문서/GitHub/GGM_Unity_Project/Unity
Using Asset Import Pipeline V2.
Refreshing native plugins compatible for Editor in 32.58 ms, found 1 plugins.
Preloading 0 native plugins for Editor in 0.00 ms.
Initialize engine version: 2020.3.0f1 (c7b5465681fb)
[Subsystems] Discovering subsystems at path C:/Program Files/Unity/Hub/Editor/2020.3.0f1/Editor/Data/Resources/UnitySubsystems
[Subsystems] Discovering subsystems at path C:/Users/dkdle/OneDrive/문서/GitHub/GGM_Unity_Project/Unity/Assets
GfxDevice: creating device client; threaded=0
Direct3D:
    Version:  Direct3D 11.0 [level 11.1]
    Renderer: NVIDIA GeForce RTX 2060 (ID=0x1f11)
    Vendor:   
    VRAM:     5980 MB
    Driver:   27.21.14.6192
Initialize mono
Mono path[0] = 'C:/Program Files/Unity/Hub/Editor/2020.3.0f1/Editor/Data/Managed'
Mono path[1] = 'C:/Program Files/Unity/Hub/Editor/2020.3.0f1/Editor/Data/MonoBleedingEdge/lib/mono/unityjit'
Mono config path = 'C:/Program Files/Unity/Hub/Editor/2020.3.0f1/Editor/Data/MonoBleedingEdge/etc'
Using monoOptions --debugger-agent=transport=dt_socket,embedding=1,server=y,suspend=n,address=127.0.0.1:56616
Begin MonoManager ReloadAssembly
Registering precompiled unity dll's ...
Register platform support module: C:/Program Files/Unity/Hub/Editor/2020.3.0f1/Editor/Data/PlaybackEngines/WindowsStandaloneSupport/UnityEditor.WindowsStandalone.Extensions.dll
Registered in 0.001743 seconds.
Native extension for WindowsStandalone target not found
Refreshing native plugins compatible for Editor in 30.99 ms, found 1 plugins.
Preloading 0 native plugins for Editor in 0.00 ms.
Invoked RoslynAnalysisRunner static constructor.
RoslynAnalysisRunner will not be running.
RoslynAnalysisRunner has terminated.
Mono: successfully reloaded assembly
- Completed reload, in  1.607 seconds
Platform modules already initialized, skipping
Registering precompiled user dll's ...
Registered in 0.000828 seconds.
Begin MonoManager ReloadAssembly
Native extension for WindowsStandalone target not found
Refreshing native plugins compatible for Editor in 33.05 ms, found 1 plugins.
Preloading 0 native plugins for Editor in 0.00 ms.
Invoked RoslynAnalysisRunner static constructor.
RoslynAnalysisRunner will not be running.
RoslynAnalysisRunner has terminated.
Mono: successfully reloaded assembly
- Completed reload, in  0.858 seconds
Platform modules already initialized, skipping
========================================================================
Worker process is ready to serve import requests
Launched and connected shader compiler UnityShaderCompiler.exe after 0.05 seconds
Refreshing native plugins compatible for Editor in 0.33 ms, found 1 plugins.
Preloading 0 native plugins for Editor in 0.00 ms.
Unloading 1806 Unused Serialized files (Serialized files now loaded: 0)
System memory in use before: 84.5 MB.
System memory in use after: 84.5 MB.

Unloading 24 unused Assets to reduce memory usage. Loaded Objects now: 2248.
Total: 2.005600 ms (FindLiveObjects: 0.164500 ms CreateObjectMapping: 0.062400 ms MarkObjects: 1.659900 ms  DeleteObjects: 0.118000 ms)

========================================================================
Received Import Request.
  path: Assets
  artifactKey: Guid(00000000000000001000000000000000) Importer(815301076,1909f56bfc062723c751e8b465ee728b)
Start importing Assets using Guid(00000000000000001000000000000000) Importer(815301076,1909f56bfc062723c751e8b465ee728b)  -> (artifact id: '42baae205c97e3337697759514652acd') in 0.007326 seconds
  Import took 0.010548 seconds .

========================================================================
Received Import Request.
  Time since last request: 3.436141 seconds.
  path: Assets/00 (Script)
  artifactKey: Guid(3be4cd953df414e40b80955cf129917b) Importer(815301076,1909f56bfc062723c751e8b465ee728b)
Start importing Assets/00 (Script) using Guid(3be4cd953df414e40b80955cf129917b) Importer(815301076,1909f56bfc062723c751e8b465ee728b)  -> (artifact id: '8eff17d5a811dbcf128734e19dad7ffd') in 0.006529 seconds
  Import took 0.009558 seconds .

========================================================================
Received Prepare
Registering precompiled user dll's ...
Registered in 0.000873 seconds.
Begin MonoManager ReloadAssembly
Native extension for WindowsStandalone target not found
Refreshing native plugins compatible for Editor in 0.34 ms, found 1 plugins.
Preloading 0 native plugins for Editor in 0.00 ms.
Invoked RoslynAnalysisRunner static constructor.
RoslynAnalysisRunner will not be running.
RoslynAnalysisRunner has terminated.
Mono: successfully reloaded assembly
- Completed reload, in  0.883 seconds
Platform modules already initialized, skipping
Refreshing native plugins compatible for Editor in 0.31 ms, found 1 plugins.
Preloading 0 native plugins for Editor in 0.00 ms.
Unloading 1802 Unused Serialized files (Serialized files now loaded: 0)
System memory in use before: 84.5 MB.
System memory in use after: 84.5 MB.

Unloading 12 unused Assets to reduce memory usage. Loaded Objects now: 2253.
Total: 2.012500 ms (FindLiveObjects: 0.203100 ms CreateObjectMapping: 0.066300 ms MarkObjects: 1.642100 ms  DeleteObjects: 0.100200 ms)

========================================================================
Received Import Request.
  Time since last request: 25.784369 seconds.
  path: Assets/00 (Script)/NewBehaviourScript.cs
  artifactKey: Guid(90f1f8d57ed41d046a38302bbf5cafdc) Importer(815301076,1909f56bfc062723c751e8b465ee728b)
Start importing Assets/00 (Script)/NewBehaviourScript.cs using Guid(90f1f8d57ed41d046a38302bbf5cafdc) Importer(815301076,1909f56bfc062723c751e8b465ee728b)  -> (artifact id: '2f9c86bc82b35b6672e25350e529ba73') in 0.026522 seconds
  Import took 0.029472 seconds .

========================================================================
Received Import Request.
  Time since last request: 22.351992 seconds.
  path: Assets/00 (Script)/DataManager.cs
  artifactKey: Guid(90f1f8d57ed41d046a38302bbf5cafdc) Importer(815301076,1909f56bfc062723c751e8b465ee728b)
Start importing Assets/00 (Script)/DataManager.cs using Guid(90f1f8d57ed41d046a38302bbf5cafdc) Importer(815301076,1909f56bfc062723c751e8b465ee728b)  -> (artifact id: 'c8ea9fdb838f7f24709d2ed2ba9a721f') in 0.009532 seconds
  Import took 0.014224 seconds .

========================================================================
Received Import Request.
  Time since last request: 0.003148 seconds.
  path: Assets/00 (Script)/DataManager.cs
  artifactKey: Guid(90f1f8d57ed41d046a38302bbf5cafdc) Importer(815301076,1909f56bfc062723c751e8b465ee728b)
Start importing Assets/00 (Script)/DataManager.cs using Guid(90f1f8d57ed41d046a38302bbf5cafdc) Importer(815301076,1909f56bfc062723c751e8b465ee728b)  -> (artifact id: 'c8ea9fdb838f7f24709d2ed2ba9a721f') in 0.002269 seconds
  Import took 0.005771 seconds .

========================================================================
Received Prepare
Registering precompiled user dll's ...
Registered in 0.000843 seconds.
Begin MonoManager ReloadAssembly
Native extension for WindowsStandalone target not found
Refreshing native plugins compatible for Editor in 0.33 ms, found 1 plugins.
Preloading 0 native plugins for Editor in 0.00 ms.
Invoked RoslynAnalysisRunner static constructor.
RoslynAnalysisRunner will not be running.
RoslynAnalysisRunner has terminated.
Mono: successfully reloaded assembly
- Completed reload, in  0.786 seconds
Platform modules already initialized, skipping
Refreshing native plugins compatible for Editor in 0.32 ms, found 1 plugins.
Preloading 0 native plugins for Editor in 0.00 ms.
Unloading 1802 Unused Serialized files (Serialized files now loaded: 0)
System memory in use before: 84.5 MB.
System memory in use after: 84.5 MB.

Unloading 12 unused Assets to reduce memory usage. Loaded Objects now: 2257.
Total: 1.855000 ms (FindLiveObjects: 0.175200 ms CreateObjectMapping: 0.050100 ms MarkObjects: 1.533600 ms  DeleteObjects: 0.095300 ms)

========================================================================
Received Prepare
Registering precompiled user dll's ...
Registered in 0.001061 seconds.
Begin MonoManager ReloadAssembly
Native extension for WindowsStandalone target not found
Refreshing native plugins compatible for Editor in 0.38 ms, found 1 plugins.
Preloading 0 native plugins for Editor in 0.00 ms.
Invoked RoslynAnalysisRunner static constructor.
RoslynAnalysisRunner will not be running.
RoslynAnalysisRunner has terminated.
Mono: successfully reloaded assembly
- Completed reload, in  0.954 seconds
Platform modules already initialized, skipping
Refreshing native plugins compatible for Editor in 0.33 ms, found 1 plugins.
Preloading 0 native plugins for Editor in 0.00 ms.
Unloading 1802 Unused Serialized files (Serialized files now loaded: 0)
System memory in use before: 84.6 MB.
System memory in use after: 84.6 MB.

Unloading 12 unused Assets to reduce memory usage. Loaded Objects now: 2261.
Total: 3.096500 ms (FindLiveObjects: 0.314100 ms CreateObjectMapping: 0.088600 ms MarkObjects: 2.576700 ms  DeleteObjects: 0.115200 ms)

========================================================================
Received Import Request.
  Time since last request: 20.101295 seconds.
  path: Assets/00 (Script)/DataManager.cs
  artifactKey: Guid(90f1f8d57ed41d046a38302bbf5cafdc) Importer(815301076,1909f56bfc062723c751e8b465ee728b)
Start importing Assets/00 (Script)/DataManager.cs using Guid(90f1f8d57ed41d046a38302bbf5cafdc) Importer(815301076,1909f56bfc062723c751e8b465ee728b)  -> (artifact id: 'f327560c387d214897ac7d2c2b2dd650') in 0.004665 seconds
  Import took 0.007700 seconds .

========================================================================
Received Prepare
Registering precompiled user dll's ...
Registered in 0.000948 seconds.
Begin MonoManager ReloadAssembly
Native extension for WindowsStandalone target not found
Refreshing native plugins compatible for Editor in 0.35 ms, found 1 plugins.
Preloading 0 native plugins for Editor in 0.00 ms.
Invoked RoslynAnalysisRunner static constructor.
RoslynAnalysisRunner will not be running.
RoslynAnalysisRunner has terminated.
Mono: successfully reloaded assembly
- Completed reload, in  0.794 seconds
Platform modules already initialized, skipping
Refreshing native plugins compatible for Editor in 0.34 ms, found 1 plugins.
Preloading 0 native plugins for Editor in 0.00 ms.
Unloading 1802 Unused Serialized files (Serialized files now loaded: 0)
System memory in use before: 84.6 MB.
System memory in use after: 84.6 MB.

Unloading 12 unused Assets to reduce memory usage. Loaded Objects now: 2265.
Total: 1.799500 ms (FindLiveObjects: 0.179600 ms CreateObjectMapping: 0.063700 ms MarkObjects: 1.448200 ms  DeleteObjects: 0.107200 ms)

========================================================================
Received Import Request.
  Time since last request: 212.538080 seconds.
  path: Assets/00 (Script)/DataManager.cs
  artifactKey: Guid(90f1f8d57ed41d046a38302bbf5cafdc) Importer(815301076,1909f56bfc062723c751e8b465ee728b)
Start importing Assets/00 (Script)/DataManager.cs using Guid(90f1f8d57ed41d046a38302bbf5cafdc) Importer(815301076,1909f56bfc062723c751e8b465ee728b)  -> (artifact id: '050115a8987dd307b56a12587882c197') in 0.004338 seconds
  Import took 0.008319 seconds .

========================================================================
Received Prepare
Registering precompiled user dll's ...
Registered in 0.001333 seconds.
Begin MonoManager ReloadAssembly
Native extension for WindowsStandalone target not found
Refreshing native plugins compatible for Editor in 0.34 ms, found 1 plugins.
Preloading 0 native plugins for Editor in 0.00 ms.
Invoked RoslynAnalysisRunner static constructor.
RoslynAnalysisRunner will not be running.
RoslynAnalysisRunner has terminated.
Mono: successfully reloaded assembly
- Completed reload, in  0.968 seconds
Platform modules already initialized, skipping
Refreshing native plugins compatible for Editor in 0.35 ms, found 1 plugins.
Preloading 0 native plugins for Editor in 0.00 ms.
Unloading 1802 Unused Serialized files (Serialized files now loaded: 0)
System memory in use before: 84.6 MB.
System memory in use after: 84.6 MB.

Unloading 12 unused Assets to reduce memory usage. Loaded Objects now: 2269.
Total: 2.397400 ms (FindLiveObjects: 0.194400 ms CreateObjectMapping: 0.071200 ms MarkObjects: 2.020300 ms  DeleteObjects: 0.110200 ms)

========================================================================
Received Import Request.
  Time since last request: 221.227123 seconds.
  path: ProjectSettings/TagManager.asset
  artifactKey: Guid(00000000000000003000000000000000) Importer(815301076,1909f56bfc062723c751e8b465ee728b)
Start importing ProjectSettings/TagManager.asset using Guid(00000000000000003000000000000000) Importer(815301076,1909f56bfc062723c751e8b465ee728b)  -> (artifact id: '779d5949113fa91bb85f64f090860d93') in 0.017763 seconds
  Import took 0.020894 seconds .

========================================================================
Received Import Request.
  Time since last request: 778.174400 seconds.
  path: Assets/00 (Script)/New Folder
  artifactKey: Guid(a48e2a4e109acb543a76e8facad185aa) Importer(815301076,1909f56bfc062723c751e8b465ee728b)
Start importing Assets/00 (Script)/New Folder using Guid(a48e2a4e109acb543a76e8facad185aa) Importer(815301076,1909f56bfc062723c751e8b465ee728b)  -> (artifact id: '84106dd5739166846bbb6f790301ca8f') in 0.005892 seconds
  Import took 0.009387 seconds .

========================================================================
Received Import Request.
  Time since last request: 14.064220 seconds.
  path: Assets/04 (Prefabs)
  artifactKey: Guid(fa97fd5347c564d4db6d6720cf636c13) Importer(815301076,1909f56bfc062723c751e8b465ee728b)
Start importing Assets/04 (Prefabs) using Guid(fa97fd5347c564d4db6d6720cf636c13) Importer(815301076,1909f56bfc062723c751e8b465ee728b)  -> (artifact id: 'd94dfcf19842ea34b818e52d59e074d7') in 0.007062 seconds
  Import took 0.010517 seconds .

========================================================================
Received Import Request.
  Time since last request: 23.128586 seconds.
  path: Assets/04 (Prefabs)/Enemy.prefab
  artifactKey: Guid(716b67a0bfb3c174d90f6913ee44b310) Importer(815301076,1909f56bfc062723c751e8b465ee728b)
Start importing Assets/04 (Prefabs)/Enemy.prefab using Guid(716b67a0bfb3c174d90f6913ee44b310) Importer(815301076,1909f56bfc062723c751e8b465ee728b)  -> (artifact id: '396f72a3abb703c15e0ed6c2718b664b') in 0.083756 seconds
  Import took 0.086528 seconds .

========================================================================
Received Import Request.
  Time since last request: 70.881841 seconds.
  path: Assets/00 (Script)/SpawnManager.cs
  artifactKey: Guid(df82309a72fcf304e8a58bcd7f734b24) Importer(815301076,1909f56bfc062723c751e8b465ee728b)
Start importing Assets/00 (Script)/SpawnManager.cs using Guid(df82309a72fcf304e8a58bcd7f734b24) Importer(815301076,1909f56bfc062723c751e8b465ee728b)  -> (artifact id: 'a7a99c7bb8aa4aa691256a2902eab6c6') in 0.006680 seconds
  Import took 0.010132 seconds .

========================================================================
Received Prepare
Registering precompiled user dll's ...
Registered in 0.000857 seconds.
Begin MonoManager ReloadAssembly
Native extension for WindowsStandalone target not found
Refreshing native plugins compatible for Editor in 0.33 ms, found 1 plugins.
Preloading 0 native plugins for Editor in 0.00 ms.
Invoked RoslynAnalysisRunner static constructor.
RoslynAnalysisRunner will not be running.
RoslynAnalysisRunner has terminated.
Mono: successfully reloaded assembly
- Completed reload, in  0.904 seconds
Platform modules already initialized, skipping
Refreshing native plugins compatible for Editor in 0.37 ms, found 1 plugins.
Preloading 0 native plugins for Editor in 0.00 ms.
Unloading 1803 Unused Serialized files (Serialized files now loaded: 0)
System memory in use before: 87.8 MB.
System memory in use after: 87.7 MB.

Unloading 13 unused Assets to reduce memory usage. Loaded Objects now: 2281.
Total: 2.278000 ms (FindLiveObjects: 0.389400 ms CreateObjectMapping: 0.117000 ms MarkObjects: 1.663900 ms  DeleteObjects: 0.106400 ms)

========================================================================
Received Import Request.
  Time since last request: 205.560998 seconds.
  path: Assets/00 (Script)/SpawnManager.cs
  artifactKey: Guid(df82309a72fcf304e8a58bcd7f734b24) Importer(815301076,1909f56bfc062723c751e8b465ee728b)
Start importing Assets/00 (Script)/SpawnManager.cs using Guid(df82309a72fcf304e8a58bcd7f734b24) Importer(815301076,1909f56bfc062723c751e8b465ee728b)  -> (artifact id: 'befba5e14e0337886a5e73ac2f9758a3') in 0.005393 seconds
  Import took 0.008976 seconds .

========================================================================
Received Prepare
Registering precompiled user dll's ...
Registered in 0.000896 seconds.
Begin MonoManager ReloadAssembly
Native extension for WindowsStandalone target not found
Refreshing native plugins compatible for Editor in 0.33 ms, found 1 plugins.
Preloading 0 native plugins for Editor in 0.00 ms.
Invoked RoslynAnalysisRunner static constructor.
RoslynAnalysisRunner will not be running.
RoslynAnalysisRunner has terminated.
Mono: successfully reloaded assembly
- Completed reload, in  0.778 seconds
Platform modules already initialized, skipping
Refreshing native plugins compatible for Editor in 0.33 ms, found 1 plugins.
Preloading 0 native plugins for Editor in 0.00 ms.
Unloading 1803 Unused Serialized files (Serialized files now loaded: 0)
System memory in use before: 87.8 MB.
System memory in use after: 87.7 MB.

Unloading 12 unused Assets to reduce memory usage. Loaded Objects now: 2285.
Total: 2.026400 ms (FindLiveObjects: 0.244900 ms CreateObjectMapping: 0.097300 ms MarkObjects: 1.581000 ms  DeleteObjects: 0.102200 ms)

========================================================================
Received Prepare
Registering precompiled user dll's ...
Registered in 0.000888 seconds.
Begin MonoManager ReloadAssembly
Native extension for WindowsStandalone target not found
Refreshing native plugins compatible for Editor in 0.34 ms, found 1 plugins.
Preloading 0 native plugins for Editor in 0.00 ms.
Invoked RoslynAnalysisRunner static constructor.
RoslynAnalysisRunner will not be running.
RoslynAnalysisRunner has terminated.
Mono: successfully reloaded assembly
- Completed reload, in  0.869 seconds
Platform modules already initialized, skipping
Refreshing native plugins compatible for Editor in 0.33 ms, found 1 plugins.
Preloading 0 native plugins for Editor in 0.00 ms.
Unloading 1803 Unused Serialized files (Serialized files now loaded: 0)
System memory in use before: 87.8 MB.
System memory in use after: 87.8 MB.

Unloading 12 unused Assets to reduce memory usage. Loaded Objects now: 2289.
Total: 1.996700 ms (FindLiveObjects: 0.196700 ms CreateObjectMapping: 0.061100 ms MarkObjects: 1.624500 ms  DeleteObjects: 0.113400 ms)

========================================================================
Received Prepare
Registering precompiled user dll's ...
Registered in 0.000901 seconds.
Begin MonoManager ReloadAssembly
Native extension for WindowsStandalone target not found
Refreshing native plugins compatible for Editor in 0.32 ms, found 1 plugins.
Preloading 0 native plugins for Editor in 0.00 ms.
Invoked RoslynAnalysisRunner static constructor.
RoslynAnalysisRunner will not be running.
RoslynAnalysisRunner has terminated.
Mono: successfully reloaded assembly
- Completed reload, in  0.785 seconds
Platform modules already initialized, skipping
Refreshing native plugins compatible for Editor in 0.32 ms, found 1 plugins.
Preloading 0 native plugins for Editor in 0.00 ms.
Unloading 1803 Unused Serialized files (Serialized files now loaded: 0)
System memory in use before: 87.8 MB.
System memory in use after: 87.8 MB.

Unloading 12 unused Assets to reduce memory usage. Loaded Objects now: 2293.
Total: 1.985200 ms (FindLiveObjects: 0.196000 ms CreateObjectMapping: 0.061600 ms MarkObjects: 1.587200 ms  DeleteObjects: 0.139300 ms)

========================================================================
Received Prepare
Registering precompiled user dll's ...
Registered in 0.001276 seconds.
Begin MonoManager ReloadAssembly
Native extension for WindowsStandalone target not found
Refreshing native plugins compatible for Editor in 0.35 ms, found 1 plugins.
Preloading 0 native plugins for Editor in 0.00 ms.
Invoked RoslynAnalysisRunner static constructor.
RoslynAnalysisRunner will not be running.
RoslynAnalysisRunner has terminated.
Mono: successfully reloaded assembly
- Completed reload, in  0.795 seconds
Platform modules already initialized, skipping
Refreshing native plugins compatible for Editor in 0.35 ms, found 1 plugins.
Preloading 0 native plugins for Editor in 0.00 ms.
Unloading 1803 Unused Serialized files (Serialized files now loaded: 0)
System memory in use before: 87.8 MB.
System memory in use after: 87.8 MB.

Unloading 12 unused Assets to reduce memory usage. Loaded Objects now: 2297.
Total: 2.314500 ms (FindLiveObjects: 0.226900 ms CreateObjectMapping: 0.086500 ms MarkObjects: 1.890700 ms  DeleteObjects: 0.109600 ms)

========================================================================
Received Prepare
Registering precompiled user dll's ...
Registered in 0.000905 seconds.
Begin MonoManager ReloadAssembly
Native extension for WindowsStandalone target not found
Refreshing native plugins compatible for Editor in 0.33 ms, found 1 plugins.
Preloading 0 native plugins for Editor in 0.00 ms.
Invoked RoslynAnalysisRunner static constructor.
RoslynAnalysisRunner will not be running.
RoslynAnalysisRunner has terminated.
Mono: successfully reloaded assembly
- Completed reload, in  0.788 seconds
Platform modules already initialized, skipping
Refreshing native plugins compatible for Editor in 0.32 ms, found 1 plugins.
Preloading 0 native plugins for Editor in 0.00 ms.
Unloading 1803 Unused Serialized files (Serialized files now loaded: 0)
System memory in use before: 87.8 MB.
System memory in use after: 87.8 MB.

Unloading 12 unused Assets to reduce memory usage. Loaded Objects now: 2301.
Total: 2.259700 ms (FindLiveObjects: 0.168400 ms CreateObjectMapping: 0.062500 ms MarkObjects: 1.925500 ms  DeleteObjects: 0.102200 ms)

========================================================================
Received Import Request.
  Time since last request: 347.473960 seconds.
  path: Assets/00 (Script)/Manager
  artifactKey: Guid(cd1ff853e3a40f54098f28e61027aa2b) Importer(815301076,1909f56bfc062723c751e8b465ee728b)
Start importing Assets/00 (Script)/Manager using Guid(cd1ff853e3a40f54098f28e61027aa2b) Importer(815301076,1909f56bfc062723c751e8b465ee728b)  -> (artifact id: 'c1bc58e227bddee0dd4bff135dbdf522') in 0.008938 seconds
  Import took 0.011864 seconds .

========================================================================
Received Import Request.
  Time since last request: 0.627181 seconds.
  path: Assets/00 (Script)/SpawnManager.cs
  artifactKey: Guid(df82309a72fcf304e8a58bcd7f734b24) Importer(815301076,1909f56bfc062723c751e8b465ee728b)
Start importing Assets/00 (Script)/SpawnManager.cs using Guid(df82309a72fcf304e8a58bcd7f734b24) Importer(815301076,1909f56bfc062723c751e8b465ee728b)  -> (artifact id: '8ef7245e63bcc810a078da114d1fed52') in 0.002299 seconds
  Import took 0.005144 seconds .

========================================================================
Received Import Request.
  Time since last request: 0.001791 seconds.
  path: Assets/00 (Script)/SpawnManager.cs
  artifactKey: Guid(df82309a72fcf304e8a58bcd7f734b24) Importer(815301076,1909f56bfc062723c751e8b465ee728b)
Start importing Assets/00 (Script)/SpawnManager.cs using Guid(df82309a72fcf304e8a58bcd7f734b24) Importer(815301076,1909f56bfc062723c751e8b465ee728b)  -> (artifact id: '8ef7245e63bcc810a078da114d1fed52') in 0.002421 seconds
  Import took 0.005248 seconds .

========================================================================
Received Import Request.
  Time since last request: 0.320750 seconds.
  path: Assets/00 (Script)/DataManager.cs
  artifactKey: Guid(90f1f8d57ed41d046a38302bbf5cafdc) Importer(815301076,1909f56bfc062723c751e8b465ee728b)
Start importing Assets/00 (Script)/DataManager.cs using Guid(90f1f8d57ed41d046a38302bbf5cafdc) Importer(815301076,1909f56bfc062723c751e8b465ee728b)  -> (artifact id: '12040c230b857711e26723fcdb6efea1') in 0.002033 seconds
  Import took 0.004879 seconds .

========================================================================
Received Import Request.
  Time since last request: 0.000822 seconds.
  path: Assets/00 (Script)/DataManager.cs
  artifactKey: Guid(90f1f8d57ed41d046a38302bbf5cafdc) Importer(815301076,1909f56bfc062723c751e8b465ee728b)
Start importing Assets/00 (Script)/DataManager.cs using Guid(90f1f8d57ed41d046a38302bbf5cafdc) Importer(815301076,1909f56bfc062723c751e8b465ee728b)  -> (artifact id: '12040c230b857711e26723fcdb6efea1') in 0.002083 seconds
  Import took 0.005415 seconds .

========================================================================
Received Prepare
Registering precompiled user dll's ...
Registered in 0.000831 seconds.
Begin MonoManager ReloadAssembly
Native extension for WindowsStandalone target not found
Refreshing native plugins compatible for Editor in 0.35 ms, found 1 plugins.
Preloading 0 native plugins for Editor in 0.00 ms.
Invoked RoslynAnalysisRunner static constructor.
RoslynAnalysisRunner will not be running.
RoslynAnalysisRunner has terminated.
Mono: successfully reloaded assembly
- Completed reload, in  0.860 seconds
Platform modules already initialized, skipping
Refreshing native plugins compatible for Editor in 0.49 ms, found 1 plugins.
Preloading 0 native plugins for Editor in 0.00 ms.
Unloading 1803 Unused Serialized files (Serialized files now loaded: 0)
System memory in use before: 87.8 MB.
System memory in use after: 87.8 MB.

Unloading 12 unused Assets to reduce memory usage. Loaded Objects now: 2305.
Total: 3.674300 ms (FindLiveObjects: 0.393400 ms CreateObjectMapping: 0.183400 ms MarkObjects: 2.898300 ms  DeleteObjects: 0.196900 ms)

========================================================================
Received Import Request.
  Time since last request: 30.812289 seconds.
  path: Assets/00 (Script)/Manager/StageManager.cs
  artifactKey: Guid(0e9b0af7e1e3a9043bbc2d115e5235ca) Importer(815301076,1909f56bfc062723c751e8b465ee728b)
Start importing Assets/00 (Script)/Manager/StageManager.cs using Guid(0e9b0af7e1e3a9043bbc2d115e5235ca) Importer(815301076,1909f56bfc062723c751e8b465ee728b)  -> (artifact id: '1a264f435914119496686e17220b1be4') in 0.010874 seconds
  Import took 0.013909 seconds .

========================================================================
Received Prepare
Registering precompiled user dll's ...
Registered in 0.000843 seconds.
Begin MonoManager ReloadAssembly
Native extension for WindowsStandalone target not found
Refreshing native plugins compatible for Editor in 0.34 ms, found 1 plugins.
Preloading 0 native plugins for Editor in 0.00 ms.
Invoked RoslynAnalysisRunner static constructor.
RoslynAnalysisRunner will not be running.
RoslynAnalysisRunner has terminated.
Mono: successfully reloaded assembly
- Completed reload, in  0.815 seconds
Platform modules already initialized, skipping
Refreshing native plugins compatible for Editor in 0.37 ms, found 1 plugins.
Preloading 0 native plugins for Editor in 0.00 ms.
Unloading 1804 Unused Serialized files (Serialized files now loaded: 0)
System memory in use before: 87.8 MB.
System memory in use after: 87.8 MB.

Unloading 12 unused Assets to reduce memory usage. Loaded Objects now: 2310.
Total: 2.414400 ms (FindLiveObjects: 0.302700 ms CreateObjectMapping: 0.102800 ms MarkObjects: 1.883600 ms  DeleteObjects: 0.123500 ms)

========================================================================
Received Prepare
Registering precompiled user dll's ...
Registered in 0.000865 seconds.
Begin MonoManager ReloadAssembly
Native extension for WindowsStandalone target not found
Refreshing native plugins compatible for Editor in 0.32 ms, found 1 plugins.
Preloading 0 native plugins for Editor in 0.00 ms.
Invoked RoslynAnalysisRunner static constructor.
RoslynAnalysisRunner will not be running.
RoslynAnalysisRunner has terminated.
Mono: successfully reloaded assembly
- Completed reload, in  0.766 seconds
Platform modules already initialized, skipping
Refreshing native plugins compatible for Editor in 0.32 ms, found 1 plugins.
Preloading 0 native plugins for Editor in 0.00 ms.
Unloading 1804 Unused Serialized files (Serialized files now loaded: 0)
System memory in use before: 87.8 MB.
System memory in use after: 87.8 MB.

Unloading 12 unused Assets to reduce memory usage. Loaded Objects now: 2314.
Total: 2.159600 ms (FindLiveObjects: 0.181800 ms CreateObjectMapping: 0.068600 ms MarkObjects: 1.807100 ms  DeleteObjects: 0.101400 ms)

========================================================================
Received Import Request.
  Time since last request: 552.753542 seconds.
  path: Assets/00 (Script)/Player.cs
  artifactKey: Guid(87044594861fb0b44a38d94d9d906944) Importer(815301076,1909f56bfc062723c751e8b465ee728b)
Start importing Assets/00 (Script)/Player.cs using Guid(87044594861fb0b44a38d94d9d906944) Importer(815301076,1909f56bfc062723c751e8b465ee728b)  -> (artifact id: '6b3e93e31124de104d20a357910cc166') in 0.010056 seconds
  Import took 0.012999 seconds .

========================================================================
Received Prepare
Registering precompiled user dll's ...
Registered in 0.000853 seconds.
Begin MonoManager ReloadAssembly
Native extension for WindowsStandalone target not found
Refreshing native plugins compatible for Editor in 0.33 ms, found 1 plugins.
Preloading 0 native plugins for Editor in 0.00 ms.
Invoked RoslynAnalysisRunner static constructor.
RoslynAnalysisRunner will not be running.
RoslynAnalysisRunner has terminated.
Mono: successfully reloaded assembly
- Completed reload, in  0.821 seconds
Platform modules already initialized, skipping
Refreshing native plugins compatible for Editor in 0.36 ms, found 1 plugins.
Preloading 0 native plugins for Editor in 0.00 ms.
Unloading 1805 Unused Serialized files (Serialized files now loaded: 0)
System memory in use before: 87.9 MB.
System memory in use after: 87.9 MB.

Unloading 12 unused Assets to reduce memory usage. Loaded Objects now: 2319.
Total: 2.594400 ms (FindLiveObjects: 0.241300 ms CreateObjectMapping: 0.080400 ms MarkObjects: 2.137100 ms  DeleteObjects: 0.133600 ms)

========================================================================
Received Import Request.
  Time since last request: 125.279515 seconds.
  path: Assets/00 (Script)/Player.cs
  artifactKey: Guid(87044594861fb0b44a38d94d9d906944) Importer(815301076,1909f56bfc062723c751e8b465ee728b)
Start importing Assets/00 (Script)/Player.cs using Guid(87044594861fb0b44a38d94d9d906944) Importer(815301076,1909f56bfc062723c751e8b465ee728b)  -> (artifact id: '50555ce1e93e66fc22745f6cfadcc709') in 0.007905 seconds
  Import took 0.011246 seconds .

========================================================================
Received Import Request.
  Time since last request: 12.188704 seconds.
  path: Assets/00 (Script)/Enemy.cs
  artifactKey: Guid(9d3e23ee8473d2341be978ad922026a6) Importer(815301076,1909f56bfc062723c751e8b465ee728b)
Start importing Assets/00 (Script)/Enemy.cs using Guid(9d3e23ee8473d2341be978ad922026a6) Importer(815301076,1909f56bfc062723c751e8b465ee728b)  -> (artifact id: '842f0a7e988ca3b37765289833fcebaa') in 0.002388 seconds
  Import took 0.006098 seconds .

========================================================================
Received Prepare
Registering precompiled user dll's ...
Registered in 0.000948 seconds.
Begin MonoManager ReloadAssembly
Native extension for WindowsStandalone target not found
Refreshing native plugins compatible for Editor in 0.34 ms, found 1 plugins.
Preloading 0 native plugins for Editor in 0.00 ms.
Invoked RoslynAnalysisRunner static constructor.
RoslynAnalysisRunner will not be running.
RoslynAnalysisRunner has terminated.
Mono: successfully reloaded assembly
- Completed reload, in  0.789 seconds
Platform modules already initialized, skipping
Refreshing native plugins compatible for Editor in 0.32 ms, found 1 plugins.
Preloading 0 native plugins for Editor in 0.00 ms.
Unloading 1806 Unused Serialized files (Serialized files now loaded: 0)
System memory in use before: 87.9 MB.
System memory in use after: 87.9 MB.

Unloading 12 unused Assets to reduce memory usage. Loaded Objects now: 2324.
Total: 2.058700 ms (FindLiveObjects: 0.178200 ms CreateObjectMapping: 0.067100 ms MarkObjects: 1.715200 ms  DeleteObjects: 0.097500 ms)

========================================================================
Received Import Request.
  Time since last request: 637.660059 seconds.
  path: Assets/00 (Script)/Enemy.cs
  artifactKey: Guid(9d3e23ee8473d2341be978ad922026a6) Importer(815301076,1909f56bfc062723c751e8b465ee728b)
Start importing Assets/00 (Script)/Enemy.cs using Guid(9d3e23ee8473d2341be978ad922026a6) Importer(815301076,1909f56bfc062723c751e8b465ee728b)  -> (artifact id: '100784ac694633f1ee48d4be27b4e9f5') in 0.007492 seconds
  Import took 0.010545 seconds .

========================================================================
Received Import Request.
  Time since last request: 8.696234 seconds.
  path: Assets/04 (Prefabs)/Enemy.prefab
  artifactKey: Guid(716b67a0bfb3c174d90f6913ee44b310) Importer(815301076,1909f56bfc062723c751e8b465ee728b)
Start importing Assets/04 (Prefabs)/Enemy.prefab using Guid(716b67a0bfb3c174d90f6913ee44b310) Importer(815301076,1909f56bfc062723c751e8b465ee728b)  -> (artifact id: 'e82b4ead4890e3c7995fbcf65b820533') in 0.053091 seconds
  Import took 0.056805 seconds .

========================================================================
Received Import Request.
  Time since last request: 21.801804 seconds.
  path: Assets/04 (Prefabs)/Enemy.prefab
  artifactKey: Guid(716b67a0bfb3c174d90f6913ee44b310) Importer(815301076,1909f56bfc062723c751e8b465ee728b)
Start importing Assets/04 (Prefabs)/Enemy.prefab using Guid(716b67a0bfb3c174d90f6913ee44b310) Importer(815301076,1909f56bfc062723c751e8b465ee728b)  -> (artifact id: 'd28b3a435e1cd67bc8199b4f5c9f58c6') in 0.007438 seconds
  Import took 0.010311 seconds .

========================================================================
Received Import Request.
  Time since last request: 25.930726 seconds.
  path: Assets/04 (Prefabs)/Slider.prefab
  artifactKey: Guid(916be471c79024a43a66a4dc6f57dc61) Importer(815301076,1909f56bfc062723c751e8b465ee728b)
Start importing Assets/04 (Prefabs)/Slider.prefab using Guid(916be471c79024a43a66a4dc6f57dc61) Importer(815301076,1909f56bfc062723c751e8b465ee728b)  -> (artifact id: 'a72f5417c1b5fe0e6af87d2e867290ad') in 0.018523 seconds
  Import took 0.022158 seconds .

========================================================================
Received Import Request.
  Time since last request: 23.813602 seconds.
  path: Assets/04 (Prefabs)/Enemy.prefab
  artifactKey: Guid(716b67a0bfb3c174d90f6913ee44b310) Importer(815301076,1909f56bfc062723c751e8b465ee728b)
Start importing Assets/04 (Prefabs)/Enemy.prefab using Guid(716b67a0bfb3c174d90f6913ee44b310) Importer(815301076,1909f56bfc062723c751e8b465ee728b)  -> (artifact id: '09bbc3ba98a79a117d37713e61beb6c0') in 0.007386 seconds
  Import took 0.010356 seconds .

========================================================================
Received Import Request.
  Time since last request: 0.011357 seconds.
  path: Assets/04 (Prefabs)/Enemy.prefab
  artifactKey: Guid(716b67a0bfb3c174d90f6913ee44b310) Importer(815301076,1909f56bfc062723c751e8b465ee728b)
Start importing Assets/04 (Prefabs)/Enemy.prefab using Guid(716b67a0bfb3c174d90f6913ee44b310) Importer(815301076,1909f56bfc062723c751e8b465ee728b)  -> (artifact id: '09bbc3ba98a79a117d37713e61beb6c0') in 0.007511 seconds
  Import took 0.011051 seconds .

========================================================================
Received Import Request.
  Time since last request: 21.040814 seconds.
  path: Assets/04 (Prefabs)/Enemy.prefab
  artifactKey: Guid(716b67a0bfb3c174d90f6913ee44b310) Importer(815301076,1909f56bfc062723c751e8b465ee728b)
Start importing Assets/04 (Prefabs)/Enemy.prefab using Guid(716b67a0bfb3c174d90f6913ee44b310) Importer(815301076,1909f56bfc062723c751e8b465ee728b)  -> (artifact id: 'ebab040e07ec57bdf030d5174574ab3a') in 0.007400 seconds
  Import took 0.010545 seconds .

========================================================================
Received Import Request.
  Time since last request: 1.306754 seconds.
  path: Assets/04 (Prefabs)/Enemy.prefab
  artifactKey: Guid(716b67a0bfb3c174d90f6913ee44b310) Importer(815301076,1909f56bfc062723c751e8b465ee728b)
Start importing Assets/04 (Prefabs)/Enemy.prefab using Guid(716b67a0bfb3c174d90f6913ee44b310) Importer(815301076,1909f56bfc062723c751e8b465ee728b)  -> (artifact id: '3570a61c217cc3c97349fc3eede56a76') in 0.007338 seconds
  Import took 0.010540 seconds .

========================================================================
Received Prepare
Registering precompiled user dll's ...
Registered in 0.000866 seconds.
Begin MonoManager ReloadAssembly
Native extension for WindowsStandalone target not found
Refreshing native plugins compatible for Editor in 0.32 ms, found 1 plugins.
Preloading 0 native plugins for Editor in 0.00 ms.
Invoked RoslynAnalysisRunner static constructor.
RoslynAnalysisRunner will not be running.
RoslynAnalysisRunner has terminated.
Mono: successfully reloaded assembly
- Completed reload, in  0.772 seconds
Platform modules already initialized, skipping
Refreshing native plugins compatible for Editor in 0.32 ms, found 1 plugins.
Preloading 0 native plugins for Editor in 0.00 ms.
Unloading 1806 Unused Serialized files (Serialized files now loaded: 0)
System memory in use before: 87.9 MB.
System memory in use after: 87.9 MB.

Unloading 15 unused Assets to reduce memory usage. Loaded Objects now: 2329.
Total: 2.028700 ms (FindLiveObjects: 0.195500 ms CreateObjectMapping: 0.064200 ms MarkObjects: 1.663400 ms  DeleteObjects: 0.104800 ms)

========================================================================
Received Import Request.
  Time since last request: 82.097965 seconds.
  path: Assets/04 (Prefabs)/Enemy.prefab
  artifactKey: Guid(716b67a0bfb3c174d90f6913ee44b310) Importer(815301076,1909f56bfc062723c751e8b465ee728b)
Start importing Assets/04 (Prefabs)/Enemy.prefab using Guid(716b67a0bfb3c174d90f6913ee44b310) Importer(815301076,1909f56bfc062723c751e8b465ee728b)  -> (artifact id: 'f2c4ee22c0645f71f8eadd2ea079ca64') in 0.061120 seconds
  Import took 0.064200 seconds .

========================================================================
Received Import Request.
  Time since last request: 0.004439 seconds.
  path: Assets/04 (Prefabs)/Enemy.prefab
  artifactKey: Guid(716b67a0bfb3c174d90f6913ee44b310) Importer(815301076,1909f56bfc062723c751e8b465ee728b)
Start importing Assets/04 (Prefabs)/Enemy.prefab using Guid(716b67a0bfb3c174d90f6913ee44b310) Importer(815301076,1909f56bfc062723c751e8b465ee728b)  -> (artifact id: 'f2c4ee22c0645f71f8eadd2ea079ca64') in 0.008041 seconds
  Import took 0.011442 seconds .

========================================================================
Received Prepare
Registering precompiled user dll's ...
Registered in 0.001330 seconds.
Begin MonoManager ReloadAssembly
Native extension for WindowsStandalone target not found
Refreshing native plugins compatible for Editor in 0.34 ms, found 1 plugins.
Preloading 0 native plugins for Editor in 0.00 ms.
Invoked RoslynAnalysisRunner static constructor.
RoslynAnalysisRunner will not be running.
RoslynAnalysisRunner has terminated.
Mono: successfully reloaded assembly
- Completed reload, in  0.779 seconds
Platform modules already initialized, skipping
Refreshing native plugins compatible for Editor in 0.33 ms, found 1 plugins.
Preloading 0 native plugins for Editor in 0.00 ms.
Unloading 1806 Unused Serialized files (Serialized files now loaded: 0)
System memory in use before: 88.0 MB.
System memory in use after: 87.9 MB.

Unloading 15 unused Assets to reduce memory usage. Loaded Objects now: 2334.
Total: 2.257700 ms (FindLiveObjects: 0.172700 ms CreateObjectMapping: 0.067300 ms MarkObjects: 1.849800 ms  DeleteObjects: 0.167000 ms)

========================================================================
Received Prepare
Registering precompiled user dll's ...
Registered in 0.000888 seconds.
Begin MonoManager ReloadAssembly
Native extension for WindowsStandalone target not found
Refreshing native plugins compatible for Editor in 0.37 ms, found 1 plugins.
Preloading 0 native plugins for Editor in 0.00 ms.
Invoked RoslynAnalysisRunner static constructor.
RoslynAnalysisRunner will not be running.
RoslynAnalysisRunner has terminated.
Mono: successfully reloaded assembly
- Completed reload, in  0.800 seconds
Platform modules already initialized, skipping
Refreshing native plugins compatible for Editor in 0.33 ms, found 1 plugins.
Preloading 0 native plugins for Editor in 0.00 ms.
Unloading 1806 Unused Serialized files (Serialized files now loaded: 0)
System memory in use before: 88.0 MB.
System memory in use after: 88.0 MB.

Unloading 12 unused Assets to reduce memory usage. Loaded Objects now: 2338.
Total: 2.384100 ms (FindLiveObjects: 0.340600 ms CreateObjectMapping: 0.099500 ms MarkObjects: 1.837100 ms  DeleteObjects: 0.105800 ms)

========================================================================
Received Prepare
Registering precompiled user dll's ...
Registered in 0.001431 seconds.
Begin MonoManager ReloadAssembly
Native extension for WindowsStandalone target not found
Refreshing native plugins compatible for Editor in 0.33 ms, found 1 plugins.
Preloading 0 native plugins for Editor in 0.00 ms.
Invoked RoslynAnalysisRunner static constructor.
RoslynAnalysisRunner will not be running.
RoslynAnalysisRunner has terminated.
Mono: successfully reloaded assembly
- Completed reload, in  0.760 seconds
Platform modules already initialized, skipping
Refreshing native plugins compatible for Editor in 0.32 ms, found 1 plugins.
Preloading 0 native plugins for Editor in 0.00 ms.
Unloading 1806 Unused Serialized files (Serialized files now loaded: 0)
System memory in use before: 88.0 MB.
System memory in use after: 88.0 MB.

Unloading 12 unused Assets to reduce memory usage. Loaded Objects now: 2342.
Total: 2.024000 ms (FindLiveObjects: 0.186200 ms CreateObjectMapping: 0.064300 ms MarkObjects: 1.675500 ms  DeleteObjects: 0.097300 ms)

========================================================================
Received Prepare
Registering precompiled user dll's ...
Registered in 0.000876 seconds.
Begin MonoManager ReloadAssembly
Native extension for WindowsStandalone target not found
Refreshing native plugins compatible for Editor in 0.35 ms, found 1 plugins.
Preloading 0 native plugins for Editor in 0.00 ms.
Invoked RoslynAnalysisRunner static constructor.
RoslynAnalysisRunner will not be running.
RoslynAnalysisRunner has terminated.
Mono: successfully reloaded assembly
- Completed reload, in  0.763 seconds
Platform modules already initialized, skipping
Refreshing native plugins compatible for Editor in 0.33 ms, found 1 plugins.
Preloading 0 native plugins for Editor in 0.00 ms.
Unloading 1806 Unused Serialized files (Serialized files now loaded: 0)
System memory in use before: 88.0 MB.
System memory in use after: 88.0 MB.

Unloading 12 unused Assets to reduce memory usage. Loaded Objects now: 2346.
Total: 2.187400 ms (FindLiveObjects: 0.293900 ms CreateObjectMapping: 0.106100 ms MarkObjects: 1.685500 ms  DeleteObjects: 0.100200 ms)

========================================================================
Received Import Request.
  Time since last request: 893.650651 seconds.
  path: Assets/04 (Prefabs)/Enemy.prefab
  artifactKey: Guid(716b67a0bfb3c174d90f6913ee44b310) Importer(815301076,1909f56bfc062723c751e8b465ee728b)
Start importing Assets/04 (Prefabs)/Enemy.prefab using Guid(716b67a0bfb3c174d90f6913ee44b310) Importer(815301076,1909f56bfc062723c751e8b465ee728b)  -> (artifact id: 'ed5a734f992fe1886d9bf2e162db4e9f') in 0.069863 seconds
  Import took 0.072703 seconds .

========================================================================
Received Prepare
Registering precompiled user dll's ...
Registered in 0.000861 seconds.
Begin MonoManager ReloadAssembly
Native extension for WindowsStandalone target not found
Refreshing native plugins compatible for Editor in 0.33 ms, found 1 plugins.
Preloading 0 native plugins for Editor in 0.00 ms.
Invoked RoslynAnalysisRunner static constructor.
RoslynAnalysisRunner will not be running.
RoslynAnalysisRunner has terminated.
Mono: successfully reloaded assembly
- Completed reload, in  0.798 seconds
Platform modules already initialized, skipping
Refreshing native plugins compatible for Editor in 0.33 ms, found 1 plugins.
Preloading 0 native plugins for Editor in 0.00 ms.
Unloading 1806 Unused Serialized files (Serialized files now loaded: 0)
System memory in use before: 88.0 MB.
System memory in use after: 88.0 MB.

Unloading 15 unused Assets to reduce memory usage. Loaded Objects now: 2351.
Total: 2.051200 ms (FindLiveObjects: 0.174500 ms CreateObjectMapping: 0.057500 ms MarkObjects: 1.708700 ms  DeleteObjects: 0.109600 ms)

========================================================================
Received Prepare
Registering precompiled user dll's ...
Registered in 0.000862 seconds.
Begin MonoManager ReloadAssembly
Native extension for WindowsStandalone target not found
Refreshing native plugins compatible for Editor in 0.32 ms, found 1 plugins.
Preloading 0 native plugins for Editor in 0.00 ms.
Invoked RoslynAnalysisRunner static constructor.
RoslynAnalysisRunner will not be running.
RoslynAnalysisRunner has terminated.
Mono: successfully reloaded assembly
- Completed reload, in  0.786 seconds
Platform modules already initialized, skipping
Refreshing native plugins compatible for Editor in 0.32 ms, found 1 plugins.
Preloading 0 native plugins for Editor in 0.00 ms.
Unloading 1806 Unused Serialized files (Serialized files now loaded: 0)
System memory in use before: 88.0 MB.
System memory in use after: 88.0 MB.

Unloading 12 unused Assets to reduce memory usage. Loaded Objects now: 2355.
Total: 2.047100 ms (FindLiveObjects: 0.214600 ms CreateObjectMapping: 0.072500 ms MarkObjects: 1.661900 ms  DeleteObjects: 0.097100 ms)

========================================================================
Received Prepare
Registering precompiled user dll's ...
Registered in 0.000897 seconds.
Begin MonoManager ReloadAssembly
Native extension for WindowsStandalone target not found
Refreshing native plugins compatible for Editor in 0.37 ms, found 1 plugins.
Preloading 0 native plugins for Editor in 0.00 ms.
Invoked RoslynAnalysisRunner static constructor.
RoslynAnalysisRunner will not be running.
RoslynAnalysisRunner has terminated.
Mono: successfully reloaded assembly
- Completed reload, in  0.884 seconds
Platform modules already initialized, skipping
Refreshing native plugins compatible for Editor in 0.32 ms, found 1 plugins.
Preloading 0 native plugins for Editor in 0.00 ms.
Unloading 1806 Unused Serialized files (Serialized files now loaded: 0)
System memory in use before: 88.0 MB.
System memory in use after: 88.0 MB.

Unloading 12 unused Assets to reduce memory usage. Loaded Objects now: 2359.
Total: 4.652000 ms (FindLiveObjects: 0.564000 ms CreateObjectMapping: 0.237800 ms MarkObjects: 3.671100 ms  DeleteObjects: 0.177400 ms)

========================================================================
Received Import Request.
  Time since last request: 164.617330 seconds.
  path: Assets/00 (Script)/Manager/ClickerManager.cs
  artifactKey: Guid(23893b0fa8e2d3f4bbe8dbdf3cfef61f) Importer(815301076,1909f56bfc062723c751e8b465ee728b)
Start importing Assets/00 (Script)/Manager/ClickerManager.cs using Guid(23893b0fa8e2d3f4bbe8dbdf3cfef61f) Importer(815301076,1909f56bfc062723c751e8b465ee728b)  -> (artifact id: '8acbe3800c85482dcb24229b4aec85e6') in 0.009720 seconds
  Import took 0.012572 seconds .

========================================================================
Received Prepare
Registering precompiled user dll's ...
Registered in 0.000878 seconds.
Begin MonoManager ReloadAssembly
Native extension for WindowsStandalone target not found
Refreshing native plugins compatible for Editor in 0.33 ms, found 1 plugins.
Preloading 0 native plugins for Editor in 0.00 ms.
Invoked RoslynAnalysisRunner static constructor.
RoslynAnalysisRunner will not be running.
RoslynAnalysisRunner has terminated.
Mono: successfully reloaded assembly
- Completed reload, in  0.822 seconds
Platform modules already initialized, skipping
Refreshing native plugins compatible for Editor in 0.43 ms, found 1 plugins.
Preloading 0 native plugins for Editor in 0.00 ms.
Unloading 1807 Unused Serialized files (Serialized files now loaded: 0)
System memory in use before: 88.0 MB.
System memory in use after: 88.0 MB.

Unloading 12 unused Assets to reduce memory usage. Loaded Objects now: 2364.
Total: 2.271900 ms (FindLiveObjects: 0.250800 ms CreateObjectMapping: 0.094300 ms MarkObjects: 1.803900 ms  DeleteObjects: 0.121400 ms)

========================================================================
Received Prepare
Registering precompiled user dll's ...
Registered in 0.000956 seconds.
Begin MonoManager ReloadAssembly
Native extension for WindowsStandalone target not found
Refreshing native plugins compatible for Editor in 0.33 ms, found 1 plugins.
Preloading 0 native plugins for Editor in 0.00 ms.
Invoked RoslynAnalysisRunner static constructor.
RoslynAnalysisRunner will not be running.
RoslynAnalysisRunner has terminated.
Mono: successfully reloaded assembly
- Completed reload, in  0.785 seconds
Platform modules already initialized, skipping
Refreshing native plugins compatible for Editor in 0.33 ms, found 1 plugins.
Preloading 0 native plugins for Editor in 0.00 ms.
Unloading 1807 Unused Serialized files (Serialized files now loaded: 0)
System memory in use before: 88.0 MB.
System memory in use after: 88.0 MB.

Unloading 12 unused Assets to reduce memory usage. Loaded Objects now: 2368.
Total: 2.020600 ms (FindLiveObjects: 0.183000 ms CreateObjectMapping: 0.053500 ms MarkObjects: 1.684700 ms  DeleteObjects: 0.098600 ms)

========================================================================
Received Import Request.
  Time since last request: 289.328503 seconds.
  path: Assets/01 (Sprites)
  artifactKey: Guid(bca227089da2ab64f88de22b2ffae985) Importer(815301076,1909f56bfc062723c751e8b465ee728b)
Start importing Assets/01 (Sprites) using Guid(bca227089da2ab64f88de22b2ffae985) Importer(815301076,1909f56bfc062723c751e8b465ee728b)  -> (artifact id: '4e98fde8a6e052909e7ea5fb4da71933') in 0.008023 seconds
  Import took 0.010790 seconds .

========================================================================
Received Import Request.
  Time since last request: 3.492572 seconds.
  path: Assets/01 (Sprites)/exploit.prefab
  artifactKey: Guid(74fc8512fc382fc46a9058b942c4083f) Importer(815301076,1909f56bfc062723c751e8b465ee728b)
Start importing Assets/01 (Sprites)/exploit.prefab using Guid(74fc8512fc382fc46a9058b942c4083f) Importer(815301076,1909f56bfc062723c751e8b465ee728b)  -> (artifact id: '3b429fba03c74dd87b6364e8b5868d8d') in 0.024955 seconds
  Import took 0.027850 seconds .

========================================================================
Received Import Request.
  Time since last request: 32.784305 seconds.
  path: Assets/01 (Sprites)/toppng.com-explosion-sprite-png-2d-explosion-sprite-sheet-899x857.png
  artifactKey: Guid(dc87409accd06714d98ba33d8e6511b4) Importer(815301076,1909f56bfc062723c751e8b465ee728b)
Start importing Assets/01 (Sprites)/toppng.com-explosion-sprite-png-2d-explosion-sprite-sheet-899x857.png using Guid(dc87409accd06714d98ba33d8e6511b4) Importer(815301076,1909f56bfc062723c751e8b465ee728b)  -> (artifact id: '194b607313becf688781c82daf788a66') in 0.050145 seconds
  Import took 0.053038 seconds .

========================================================================
Received Import Request.
  Time since last request: 14.795263 seconds.
  path: Assets/01 (Sprites)/toppng.com-explosion-sprite-png-2d-explosion-sprite-sheet-899x857.png
  artifactKey: Guid(dc87409accd06714d98ba33d8e6511b4) Importer(815301076,1909f56bfc062723c751e8b465ee728b)
Start importing Assets/01 (Sprites)/toppng.com-explosion-sprite-png-2d-explosion-sprite-sheet-899x857.png using Guid(dc87409accd06714d98ba33d8e6511b4) Importer(815301076,1909f56bfc062723c751e8b465ee728b)  -> (artifact id: 'ff1764cea2d2db4138e5e607cee7b429') in 0.014220 seconds
  Import took 0.017409 seconds .

========================================================================
Received Import Request.
  Time since last request: 4.747320 seconds.
  path: Assets/01 (Sprites)/toppng.com-explosion-sprite-png-2d-explosion-sprite-sheet-899x857.png
  artifactKey: Guid(dc87409accd06714d98ba33d8e6511b4) Importer(815301076,1909f56bfc062723c751e8b465ee728b)
Start importing Assets/01 (Sprites)/toppng.com-explosion-sprite-png-2d-explosion-sprite-sheet-899x857.png using Guid(dc87409accd06714d98ba33d8e6511b4) Importer(815301076,1909f56bfc062723c751e8b465ee728b)  -> (artifact id: 'f08ce8490aa1d87d3e4b822812dbd7d4') in 0.190456 seconds
  Import took 0.193939 seconds .

========================================================================
Received Import Request.
  Time since last request: 20.683606 seconds.
  path: Packages/com.unity.2d.spriteshape/Editor/ObjectMenuCreation/DefaultAssets/Sprite Shapes/Closed Sprite Shape.prefab
  artifactKey: Guid(c0583b4e855c74b8c82e7b9b5efb5ce9) Importer(815301076,1909f56bfc062723c751e8b465ee728b)
Start importing Packages/com.unity.2d.spriteshape/Editor/ObjectMenuCreation/DefaultAssets/Sprite Shapes/Closed Sprite Shape.prefab using Guid(c0583b4e855c74b8c82e7b9b5efb5ce9) Importer(815301076,1909f56bfc062723c751e8b465ee728b)  -> (artifact id: '48775a4d0ba47d44f432ee6c79a6a75b') in 0.029815 seconds
  Import took 0.032859 seconds .

========================================================================
Received Import Request.
  Time since last request: 0.000182 seconds.
  path: Packages/com.unity.2d.spriteshape/Editor/ObjectMenuCreation/DefaultAssets/Sprite Shapes/Open Sprite Shape.prefab
  artifactKey: Guid(86ae7de409eb54f619fb1328e4d42480) Importer(815301076,1909f56bfc062723c751e8b465ee728b)
Start importing Packages/com.unity.2d.spriteshape/Editor/ObjectMenuCreation/DefaultAssets/Sprite Shapes/Open Sprite Shape.prefab using Guid(86ae7de409eb54f619fb1328e4d42480) Importer(815301076,1909f56bfc062723c751e8b465ee728b)  -> (artifact id: '3a5afbbd395c5bddd7f7d4b0b1a3ff0b') in 0.008338 seconds
  Import took 0.011419 seconds .

========================================================================
Received Import Request.
  Time since last request: 0.000244 seconds.
  path: Assets/04 (Prefabs)/exploit.prefab
  artifactKey: Guid(74fc8512fc382fc46a9058b942c4083f) Importer(815301076,1909f56bfc062723c751e8b465ee728b)
Start importing Assets/04 (Prefabs)/exploit.prefab using Guid(74fc8512fc382fc46a9058b942c4083f) Importer(815301076,1909f56bfc062723c751e8b465ee728b)  -> (artifact id: '2b94b1ea3f2a6a6272cd50914cac4a4e') in 0.028119 seconds
  Import took 0.031387 seconds .

========================================================================
Received Prepare
Registering precompiled user dll's ...
Registered in 0.000978 seconds.
Begin MonoManager ReloadAssembly
Native extension for WindowsStandalone target not found
Refreshing native plugins compatible for Editor in 0.34 ms, found 1 plugins.
Preloading 0 native plugins for Editor in 0.00 ms.
Invoked RoslynAnalysisRunner static constructor.
RoslynAnalysisRunner will not be running.
RoslynAnalysisRunner has terminated.
Mono: successfully reloaded assembly
- Completed reload, in  0.818 seconds
Platform modules already initialized, skipping
Refreshing native plugins compatible for Editor in 0.32 ms, found 1 plugins.
Preloading 0 native plugins for Editor in 0.00 ms.
Unloading 1807 Unused Serialized files (Serialized files now loaded: 0)
System memory in use before: 88.3 MB.
System memory in use after: 88.3 MB.

Unloading 12 unused Assets to reduce memory usage. Loaded Objects now: 2510.
Total: 2.213700 ms (FindLiveObjects: 0.269500 ms CreateObjectMapping: 0.069500 ms MarkObjects: 1.772300 ms  DeleteObjects: 0.100400 ms)

========================================================================
Received Prepare
Registering precompiled user dll's ...
Registered in 0.001379 seconds.
Begin MonoManager ReloadAssembly
Native extension for WindowsStandalone target not found
Refreshing native plugins compatible for Editor in 0.33 ms, found 1 plugins.
Preloading 0 native plugins for Editor in 0.00 ms.
Invoked RoslynAnalysisRunner static constructor.
RoslynAnalysisRunner will not be running.
RoslynAnalysisRunner has terminated.
Mono: successfully reloaded assembly
- Completed reload, in  0.768 seconds
Platform modules already initialized, skipping
Refreshing native plugins compatible for Editor in 0.32 ms, found 1 plugins.
Preloading 0 native plugins for Editor in 0.00 ms.
Unloading 1807 Unused Serialized files (Serialized files now loaded: 0)
System memory in use before: 88.3 MB.
System memory in use after: 88.3 MB.

Unloading 12 unused Assets to reduce memory usage. Loaded Objects now: 2514.
Total: 2.001500 ms (FindLiveObjects: 0.244200 ms CreateObjectMapping: 0.072900 ms MarkObjects: 1.580800 ms  DeleteObjects: 0.102800 ms)

========================================================================
Received Prepare
Registering precompiled user dll's ...
Registered in 0.000908 seconds.
Begin MonoManager ReloadAssembly
Native extension for WindowsStandalone target not found
Refreshing native plugins compatible for Editor in 0.34 ms, found 1 plugins.
Preloading 0 native plugins for Editor in 0.00 ms.
Invoked RoslynAnalysisRunner static constructor.
RoslynAnalysisRunner will not be running.
RoslynAnalysisRunner has terminated.
Mono: successfully reloaded assembly
- Completed reload, in  0.796 seconds
Platform modules already initialized, skipping
Refreshing native plugins compatible for Editor in 0.33 ms, found 1 plugins.
Preloading 0 native plugins for Editor in 0.00 ms.
Unloading 1807 Unused Serialized files (Serialized files now loaded: 0)
System memory in use before: 88.3 MB.
System memory in use after: 88.3 MB.

Unloading 12 unused Assets to reduce memory usage. Loaded Objects now: 2518.
Total: 2.218200 ms (FindLiveObjects: 0.191400 ms CreateObjectMapping: 0.066800 ms MarkObjects: 1.855100 ms  DeleteObjects: 0.103900 ms)

========================================================================
Received Prepare
Registering precompiled user dll's ...
Registered in 0.000876 seconds.
Begin MonoManager ReloadAssembly
Native extension for WindowsStandalone target not found
Refreshing native plugins compatible for Editor in 0.36 ms, found 1 plugins.
Preloading 0 native plugins for Editor in 0.00 ms.
Invoked RoslynAnalysisRunner static constructor.
RoslynAnalysisRunner will not be running.
RoslynAnalysisRunner has terminated.
Mono: successfully reloaded assembly
- Completed reload, in  0.798 seconds
Platform modules already initialized, skipping
Refreshing native plugins compatible for Editor in 0.33 ms, found 1 plugins.
Preloading 0 native plugins for Editor in 0.00 ms.
Unloading 1807 Unused Serialized files (Serialized files now loaded: 0)
System memory in use before: 88.3 MB.
System memory in use after: 88.3 MB.

Unloading 12 unused Assets to reduce memory usage. Loaded Objects now: 2522.
Total: 2.712700 ms (FindLiveObjects: 0.606800 ms CreateObjectMapping: 0.105000 ms MarkObjects: 1.853900 ms  DeleteObjects: 0.145700 ms)

========================================================================
Received Prepare
Registering precompiled user dll's ...
Registered in 0.000898 seconds.
Begin MonoManager ReloadAssembly
Native extension for WindowsStandalone target not found
Refreshing native plugins compatible for Editor in 0.35 ms, found 1 plugins.
Preloading 0 native plugins for Editor in 0.00 ms.
Invoked RoslynAnalysisRunner static constructor.
RoslynAnalysisRunner will not be running.
RoslynAnalysisRunner has terminated.
Mono: successfully reloaded assembly
- Completed reload, in  0.795 seconds
Platform modules already initialized, skipping
Refreshing native plugins compatible for Editor in 0.33 ms, found 1 plugins.
Preloading 0 native plugins for Editor in 0.00 ms.
Unloading 1807 Unused Serialized files (Serialized files now loaded: 0)
System memory in use before: 88.3 MB.
System memory in use after: 88.3 MB.

Unloading 12 unused Assets to reduce memory usage. Loaded Objects now: 2526.
Total: 2.264800 ms (FindLiveObjects: 0.204500 ms CreateObjectMapping: 0.072400 ms MarkObjects: 1.881500 ms  DeleteObjects: 0.105700 ms)

========================================================================
Received Prepare
Registering precompiled user dll's ...
Registered in 0.000878 seconds.
Begin MonoManager ReloadAssembly
Native extension for WindowsStandalone target not found
Refreshing native plugins compatible for Editor in 0.33 ms, found 1 plugins.
Preloading 0 native plugins for Editor in 0.00 ms.
Invoked RoslynAnalysisRunner static constructor.
RoslynAnalysisRunner will not be running.
RoslynAnalysisRunner has terminated.
Mono: successfully reloaded assembly
- Completed reload, in  0.853 seconds
Platform modules already initialized, skipping
Refreshing native plugins compatible for Editor in 0.32 ms, found 1 plugins.
Preloading 0 native plugins for Editor in 0.00 ms.
Unloading 1807 Unused Serialized files (Serialized files now loaded: 0)
System memory in use before: 88.3 MB.
System memory in use after: 88.3 MB.

Unloading 12 unused Assets to reduce memory usage. Loaded Objects now: 2530.
Total: 2.271500 ms (FindLiveObjects: 0.245100 ms CreateObjectMapping: 0.068600 ms MarkObjects: 1.850200 ms  DeleteObjects: 0.106400 ms)

========================================================================
Received Prepare
Registering precompiled user dll's ...
Registered in 0.000855 seconds.
Begin MonoManager ReloadAssembly
Native extension for WindowsStandalone target not found
Refreshing native plugins compatible for Editor in 0.34 ms, found 1 plugins.
Preloading 0 native plugins for Editor in 0.00 ms.
Invoked RoslynAnalysisRunner static constructor.
RoslynAnalysisRunner will not be running.
RoslynAnalysisRunner has terminated.
Mono: successfully reloaded assembly
- Completed reload, in  0.976 seconds
Platform modules already initialized, skipping
Refreshing native plugins compatible for Editor in 0.53 ms, found 1 plugins.
Preloading 0 native plugins for Editor in 0.00 ms.
Unloading 1807 Unused Serialized files (Serialized files now loaded: 0)
System memory in use before: 88.3 MB.
System memory in use after: 88.3 MB.

Unloading 12 unused Assets to reduce memory usage. Loaded Objects now: 2534.
Total: 3.480200 ms (FindLiveObjects: 0.323500 ms CreateObjectMapping: 0.102700 ms MarkObjects: 2.856200 ms  DeleteObjects: 0.195200 ms)

AssetImportWorkerClient::OnTransportError - code=2 error=End of file
